Arguments: 
  C:\Program Files\nodejs\node.exe C:\Program Files\nodejs\node_modules\yarn\bin\yarn.js add v-file-icon

PATH: 
  C:\Users\nguye\bin;C:\Program Files\Git\mingw64\bin;C:\Program Files\Git\usr\local\bin;C:\Program Files\Git\usr\bin;C:\Program Files\Git\usr\bin;C:\Program Files\Git\mingw64\bin;C:\Program Files\Git\usr\bin;C:\Users\nguye\bin;C:\WINDOWS\system32;C:\WINDOWS;C:\WINDOWS\System32\Wbem;C:\WINDOWS\System32\WindowsPowerShell\v1.0;C:\WINDOWS\System32\OpenSSH;C:\Program Files (x86)\Microsoft SQL Server\160\DTS\Binn;C:\Program Files\Azure Data Studio\bin;C:\Program Files (x86)\Microsoft SQL Server\150\Tools\Binn;C:\Program Files\Microsoft SQL Server\150\Tools\Binn;C:\Program Files (x86)\Microsoft SQL Server\150\DTS\Binn;C:\Program Files\Microsoft SQL Server\150\DTS\Binn;C:\Program Files\Microsoft SQL Server\Client SDK\ODBC\170\Tools\Binn;C:\Users\nguye\AppData\Roaming\nvm;C:\Program Files\nodejs;C:\Program Files\Git\cmd;C:\Program Files\nodejs;C:\Program Files (x86)\Windows Kits\8.1\Windows Performance Toolkit;C:\Program Files\Microsoft SQL Server\110\Tools\Binn;C:\Program Files (x86)\Microsoft SQL Server\120\Tools\Binn\ManagementStudio;C:\Program Files (x86)\Microsoft SQL Server\120\Tools\Binn;C:\Program Files (x86)\Microsoft Visual Studio 12.0\Common7\IDE\PrivateAssemblies;C:\Program Files (x86)\Microsoft SQL Server\120\DTS\Binn;C:\Users\nguye\AppData\Local\Microsoft\WindowsApps;C:\Program Files\Azure Data Studio\bin;C:\Users\nguye\AppData\Local\Programs\Microsoft VS Code\bin;C:\Users\nguye\AppData\Roaming\nvm;C:\Program Files\nodejs;C:\Users\nguye\AppData\Roaming\npm;C:\Program Files\Git\usr\bin\vendor_perl;C:\Program Files\Git\usr\bin\core_perl

Yarn version: 
  1.22.19

Node version: 
  16.0.0

Platform: 
  win32 x64

Trace: 
  Error: https://registry.yarnpkg.com/v-file-icon: Not found
      at Request.params.callback [as _callback] (C:\Users\nguye\AppData\Roaming\nvm\v16.0.0\node_modules\yarn\lib\cli.js:66145:18)
      at Request.self.callback (C:\Users\nguye\AppData\Roaming\nvm\v16.0.0\node_modules\yarn\lib\cli.js:140890:22)
      at Request.emit (node:events:365:28)
      at Request.<anonymous> (C:\Users\nguye\AppData\Roaming\nvm\v16.0.0\node_modules\yarn\lib\cli.js:141862:10)
      at Request.emit (node:events:365:28)
      at IncomingMessage.<anonymous> (C:\Users\nguye\AppData\Roaming\nvm\v16.0.0\node_modules\yarn\lib\cli.js:141784:12)
      at Object.onceWrapper (node:events:471:28)
      at IncomingMessage.emit (node:events:377:35)
      at endReadableNT (node:internal/streams/readable:1312:12)
      at processTicksAndRejections (node:internal/process/task_queues:83:21)

npm manifest: 
  {
    "name": "topic-management-tool",
    "version": "3.0.0",
    "private": true,
    "author": "Ha Dinh",
    "description": "Project management tool",
    "scripts": {
      "serve": "vue-cli-service serve",
      "build": "vue-cli-service build",
      "lint": "vue-cli-service lint"
    },
    "dependencies": {
      "@firebase/app": "^0.9.5",
      "@firebase/storage": "^0.11.2",
      "@popperjs/core": "2.10.2",
      "axios": "^0.27.2",
      "bootstrap": "5.1.3",
      "chart.js": "3.6.0",
      "core-js": "3.6.5",
      "moment": "^2.29.3",
      "vue": "3.2.0",
      "vue-icon": "^2.3.0",
      "vue-router": "4.0.14",
      "vuex": "4.0.2",
      "xlsx": "^0.18.5"
    },
    "devDependencies": {
      "@vue/cli-plugin-babel": "~4.5.0",
      "@vue/cli-plugin-eslint": "~4.5.0",
      "@vue/cli-plugin-router": "~4.5.0",
      "@vue/cli-service": "~4.5.0",
      "@vue/compiler-sfc": "3.2.0",
      "@vue/eslint-config-prettier": "6.0.0",
      "babel-eslint": "10.1.0",
      "eslint": "6.7.2",
      "eslint-plugin-prettier": "3.3.1",
      "eslint-plugin-vue": "7.0.0",
      "prettier": "2.2.1",
      "sass": "1.43.3",
      "sass-loader": "10.1.1"
    }
  }

yarn manifest: 
  No manifest

Lockfile: 
  No lockfile
